Determining if the pthread_create exist failed with the following output:
Change Dir: /home/nvidia/git/nano_mv/my-recognition/CMakeFiles/CMakeTmp

Run Build Command:"/usr/bin/make" "cmTC_925c7/fast"
/usr/bin/make -f CMakeFiles/cmTC_925c7.dir/build.make CMakeFiles/cmTC_925c7.dir/build
make[1]: Entering directory '/home/nvidia/git/nano_mv/my-recognition/CMakeFiles/CMakeTmp'
Building C object CMakeFiles/cmTC_925c7.dir/CheckSymbolExists.c.o
/usr/bin/cc    -fPIC    -o CMakeFiles/cmTC_925c7.dir/CheckSymbolExists.c.o   -c /home/nvidia/git/nano_mv/my-recognition/CMakeFiles/CMakeTmp/CheckSymbolExists.c
Linking C executable cmTC_925c7
/usr/bin/cmake -E cmake_link_script CMakeFiles/cmTC_925c7.dir/link.txt --verbose=1
/usr/bin/cc  -fPIC     CMakeFiles/cmTC_925c7.dir/CheckSymbolExists.c.o  -o cmTC_925c7 -rdynamic 
CMakeFiles/cmTC_925c7.dir/CheckSymbolExists.c.o: In function `main':
CheckSymbolExists.c:(.text+0x14): undefined reference to `pthread_create'
CheckSymbolExists.c:(.text+0x18): undefined reference to `pthread_create'
collect2: error: ld returned 1 exit status
CMakeFiles/cmTC_925c7.dir/build.make:97: recipe for target 'cmTC_925c7' failed
make[1]: *** [cmTC_925c7] Error 1
make[1]: Leaving directory '/home/nvidia/git/nano_mv/my-recognition/CMakeFiles/CMakeTmp'
Makefile:126: recipe for target 'cmTC_925c7/fast' failed
make: *** [cmTC_925c7/fast] Error 2

File /home/nvidia/git/nano_mv/my-recognition/CMakeFiles/CMakeTmp/CheckSymbolExists.c:
/* */
#include <pthread.h>

int main(int argc, char** argv)
{
  (void)argv;
#ifndef pthread_create
  return ((int*)(&pthread_create))[argc];
#else
  (void)argc;
  return 0;
#endif
}

Determining if the function pthread_create exists in the pthreads failed with the following output:
Change Dir: /home/nvidia/git/nano_mv/my-recognition/CMakeFiles/CMakeTmp

Run Build Command:"/usr/bin/make" "cmTC_9cc9b/fast"
/usr/bin/make -f CMakeFiles/cmTC_9cc9b.dir/build.make CMakeFiles/cmTC_9cc9b.dir/build
make[1]: Entering directory '/home/nvidia/git/nano_mv/my-recognition/CMakeFiles/CMakeTmp'
Building C object CMakeFiles/cmTC_9cc9b.dir/CheckFunctionExists.c.o
/usr/bin/cc    -fPIC -DCHECK_FUNCTION_EXISTS=pthread_create   -o CMakeFiles/cmTC_9cc9b.dir/CheckFunctionExists.c.o   -c /usr/share/cmake-3.5/Modules/CheckFunctionExists.c
Linking C executable cmTC_9cc9b
/usr/bin/cmake -E cmake_link_script CMakeFiles/cmTC_9cc9b.dir/link.txt --verbose=1
/usr/bin/cc  -fPIC -DCHECK_FUNCTION_EXISTS=pthread_create    CMakeFiles/cmTC_9cc9b.dir/CheckFunctionExists.c.o  -o cmTC_9cc9b -rdynamic -lpthreads 
/usr/bin/ld: cannot find -lpthreads
collect2: error: ld returned 1 exit status
CMakeFiles/cmTC_9cc9b.dir/build.make:97: recipe for target 'cmTC_9cc9b' failed
make[1]: *** [cmTC_9cc9b] Error 1
make[1]: Leaving directory '/home/nvidia/git/nano_mv/my-recognition/CMakeFiles/CMakeTmp'
Makefile:126: recipe for target 'cmTC_9cc9b/fast' failed
make: *** [cmTC_9cc9b/fast] Error 2


Determining if the Q_WS_WIN exist failed with the following output:
Change Dir: /home/nvidia/git/nano_mv/my-recognition/CMakeFiles/CMakeTmp

Run Build Command:"/usr/bin/make" "cmTC_2e679/fast"
/usr/bin/make -f CMakeFiles/cmTC_2e679.dir/build.make CMakeFiles/cmTC_2e679.dir/build
make[1]: Entering directory '/home/nvidia/git/nano_mv/my-recognition/CMakeFiles/CMakeTmp'
Building CXX object CMakeFiles/cmTC_2e679.dir/CheckSymbolExists.cxx.o
/usr/bin/c++    -I/usr/include/qt4   -o CMakeFiles/cmTC_2e679.dir/CheckSymbolExists.cxx.o -c /home/nvidia/git/nano_mv/my-recognition/CMakeFiles/CMakeTmp/CheckSymbolExists.cxx
/home/nvidia/git/nano_mv/my-recognition/CMakeFiles/CMakeTmp/CheckSymbolExists.cxx: In function ‘int main(int, char**)’:
/home/nvidia/git/nano_mv/my-recognition/CMakeFiles/CMakeTmp/CheckSymbolExists.cxx:8:19: error: ‘Q_WS_WIN’ was not declared in this scope
   return ((int*)(&Q_WS_WIN))[argc];
                   ^
CMakeFiles/cmTC_2e679.dir/build.make:65: recipe for target 'CMakeFiles/cmTC_2e679.dir/CheckSymbolExists.cxx.o' failed
make[1]: *** [CMakeFiles/cmTC_2e679.dir/CheckSymbolExists.cxx.o] Error 1
make[1]: Leaving directory '/home/nvidia/git/nano_mv/my-recognition/CMakeFiles/CMakeTmp'
Makefile:126: recipe for target 'cmTC_2e679/fast' failed
make: *** [cmTC_2e679/fast] Error 2

File /home/nvidia/git/nano_mv/my-recognition/CMakeFiles/CMakeTmp/CheckSymbolExists.cxx:
/* */
#include <QtCore/qglobal.h>

int main(int argc, char** argv)
{
  (void)argv;
#ifndef Q_WS_WIN
  return ((int*)(&Q_WS_WIN))[argc];
#else
  (void)argc;
  return 0;
#endif
}

Determining if the Q_WS_QWS exist failed with the following output:
Change Dir: /home/nvidia/git/nano_mv/my-recognition/CMakeFiles/CMakeTmp

Run Build Command:"/usr/bin/make" "cmTC_ec2cf/fast"
/usr/bin/make -f CMakeFiles/cmTC_ec2cf.dir/build.make CMakeFiles/cmTC_ec2cf.dir/build
make[1]: Entering directory '/home/nvidia/git/nano_mv/my-recognition/CMakeFiles/CMakeTmp'
Building CXX object CMakeFiles/cmTC_ec2cf.dir/CheckSymbolExists.cxx.o
/usr/bin/c++    -I/usr/include/qt4   -o CMakeFiles/cmTC_ec2cf.dir/CheckSymbolExists.cxx.o -c /home/nvidia/git/nano_mv/my-recognition/CMakeFiles/CMakeTmp/CheckSymbolExists.cxx
/home/nvidia/git/nano_mv/my-recognition/CMakeFiles/CMakeTmp/CheckSymbolExists.cxx: In function ‘int main(int, char**)’:
/home/nvidia/git/nano_mv/my-recognition/CMakeFiles/CMakeTmp/CheckSymbolExists.cxx:8:19: error: ‘Q_WS_QWS’ was not declared in this scope
   return ((int*)(&Q_WS_QWS))[argc];
                   ^
CMakeFiles/cmTC_ec2cf.dir/build.make:65: recipe for target 'CMakeFiles/cmTC_ec2cf.dir/CheckSymbolExists.cxx.o' failed
make[1]: *** [CMakeFiles/cmTC_ec2cf.dir/CheckSymbolExists.cxx.o] Error 1
make[1]: Leaving directory '/home/nvidia/git/nano_mv/my-recognition/CMakeFiles/CMakeTmp'
Makefile:126: recipe for target 'cmTC_ec2cf/fast' failed
make: *** [cmTC_ec2cf/fast] Error 2

File /home/nvidia/git/nano_mv/my-recognition/CMakeFiles/CMakeTmp/CheckSymbolExists.cxx:
/* */
#include <QtCore/qglobal.h>

int main(int argc, char** argv)
{
  (void)argv;
#ifndef Q_WS_QWS
  return ((int*)(&Q_WS_QWS))[argc];
#else
  (void)argc;
  return 0;
#endif
}

Determining if the Q_WS_MAC exist failed with the following output:
Change Dir: /home/nvidia/git/nano_mv/my-recognition/CMakeFiles/CMakeTmp

Run Build Command:"/usr/bin/make" "cmTC_04371/fast"
/usr/bin/make -f CMakeFiles/cmTC_04371.dir/build.make CMakeFiles/cmTC_04371.dir/build
make[1]: Entering directory '/home/nvidia/git/nano_mv/my-recognition/CMakeFiles/CMakeTmp'
Building CXX object CMakeFiles/cmTC_04371.dir/CheckSymbolExists.cxx.o
/usr/bin/c++    -I/usr/include/qt4   -o CMakeFiles/cmTC_04371.dir/CheckSymbolExists.cxx.o -c /home/nvidia/git/nano_mv/my-recognition/CMakeFiles/CMakeTmp/CheckSymbolExists.cxx
/home/nvidia/git/nano_mv/my-recognition/CMakeFiles/CMakeTmp/CheckSymbolExists.cxx: In function ‘int main(int, char**)’:
/home/nvidia/git/nano_mv/my-recognition/CMakeFiles/CMakeTmp/CheckSymbolExists.cxx:8:19: error: ‘Q_WS_MAC’ was not declared in this scope
   return ((int*)(&Q_WS_MAC))[argc];
                   ^
CMakeFiles/cmTC_04371.dir/build.make:65: recipe for target 'CMakeFiles/cmTC_04371.dir/CheckSymbolExists.cxx.o' failed
make[1]: *** [CMakeFiles/cmTC_04371.dir/CheckSymbolExists.cxx.o] Error 1
make[1]: Leaving directory '/home/nvidia/git/nano_mv/my-recognition/CMakeFiles/CMakeTmp'
Makefile:126: recipe for target 'cmTC_04371/fast' failed
make: *** [cmTC_04371/fast] Error 2

File /home/nvidia/git/nano_mv/my-recognition/CMakeFiles/CMakeTmp/CheckSymbolExists.cxx:
/* */
#include <QtCore/qglobal.h>

int main(int argc, char** argv)
{
  (void)argv;
#ifndef Q_WS_MAC
  return ((int*)(&Q_WS_MAC))[argc];
#else
  (void)argc;
  return 0;
#endif
}

